<?xml version="1.0" encoding="UTF-8"?>
<!-- Generated by org.testng.reporters.JUnitReportReporter -->
<testsuite hostname="DESKTOP-EH54C0J" failures="0" tests="3" name="org.homeWork1.HomeWorkTestNG" time="61.516" errors="0" timestamp="07 Oct 2024 16:13:10 GMT" skipped="0">
  <testcase classname="org.homeWork1.HomeWorkTestNG" name="login" time="0.331"/>
  <testcase classname="org.homeWork1.HomeWorkTestNG" name="screens" time="30.980"/>
  <testcase classname="org.homeWork1.HomeWorkTestNG" name="brokenLinks" time="30.205"/>
</testsuite> <!-- org.homeWork1.HomeWorkTestNG -->
