<?xml version="1.0" encoding="UTF-8"?>
<!-- Generated by org.testng.reporters.JUnitReportReporter -->
<testsuite hostname="DESKTOP-EH54C0J" failures="0" tests="1" name="org.homeWork1.HomeWork2" time="14.437" errors="0" timestamp="07 Oct 2024 08:06:22 GMT" skipped="0">
  <testcase classname="org.homeWork1.HomeWork2" name="Launch" time="14.437"/>
</testsuite> <!-- org.homeWork1.HomeWork2 -->
